# JRE version: Java(TM) SE Runtime Environment (8.0_231-b11) (build 1.8.0_231-b11)
# Java VM: Java HotSpot(TM) 64-Bit Server VM (25.231-b11 mixed mode windows-amd64 compressed oops)
Heap:
 PSYoungGen      total 137728K, used 87104K [0x00000000f5580000, 0x0000000100000000, 0x0000000100000000)
  eden space 103936K, 77% used [0x00000000f5580000,0x00000000fa448048,0x00000000fbb00000)
  from space 33792K, 19% used [0x00000000fbb00000,0x00000000fc148000,0x00000000fdc00000)
  to   space 33792K, 0% used [0x00000000fdf00000,0x00000000fdf00000,0x0000000100000000)
 ParOldGen       total 183808K, used 87816K [0x00000000e0000000, 0x00000000eb380000, 0x00000000f5580000)
  object space 183808K, 47% used [0x00000000e0000000,0x00000000e55c20d8,0x00000000eb380000)
 Metaspace       used 69510K, capacity 71960K, committed 72320K, reserved 1112064K
  class space    used 9153K, capacity 9729K, committed 9856K, reserved 1048576K
GC Heap History (10 events):
Event: 4934.886 GC heap before
{Heap before GC invocations=22 (full 3):
 PSYoungGen      total 136192K, used 136165K [0x00000000f5580000, 0x0000000100000000, 0x0000000100000000)
  eden space 109056K, 100% used [0x00000000f5580000,0x00000000fc000000,0x00000000fc000000)
  from space 27136K, 99% used [0x00000000fe580000,0x00000000ffff9770,0x0000000100000000)
  to   space 32768K, 0% used [0x00000000fc000000,0x00000000fc000000,0x00000000fe000000)
 ParOldGen       total 183808K, used 41671K [0x00000000e0000000, 0x00000000eb380000, 0x00000000f5580000)
  object space 183808K, 22% used [0x00000000e0000000,0x00000000e28b1f20,0x00000000eb380000)
 Metaspace       used 67181K, capacity 69374K, committed 69760K, reserved 1110016K
  class space    used 8963K, capacity 9473K, committed 9600K, reserved 1048576K
Event: 4934.924 GC heap after
Heap after GC invocations=22 (full 3):
 PSYoungGen      total 138752K, used 29356K [0x00000000f5580000, 0x0000000100000000, 0x0000000100000000)
  eden space 109056K, 0% used [0x00000000f5580000,0x00000000f5580000,0x00000000fc000000)
  from space 29696K, 98% used [0x00000000fc000000,0x00000000fdcab0b8,0x00000000fdd00000)
  to   space 35840K, 0% used [0x00000000fdd00000,0x00000000fdd00000,0x0000000100000000)
 ParOldGen       total 183808K, used 46835K [0x00000000e0000000, 0x00000000eb380000, 0x00000000f5580000)
  object space 183808K, 25% used [0x00000000e0000000,0x00000000e2dbcfc8,0x00000000eb380000)
 Metaspace       used 67181K, capacity 69374K, committed 69760K, reserved 1110016K
  class space    used 8963K, capacity 9473K, committed 9600K, reserved 1048576K
}
Event: 4935.386 GC heap before
{Heap before GC invocations=23 (full 3):
 PSYoungGen      total 138752K, used 138412K [0x00000000f5580000, 0x0000000100000000, 0x0000000100000000)
  eden space 109056K, 100% used [0x00000000f5580000,0x00000000fc000000,0x00000000fc000000)
  from space 29696K, 98% used [0x00000000fc000000,0x00000000fdcab0b8,0x00000000fdd00000)
  to   space 35840K, 0% used [0x00000000fdd00000,0x00000000fdd00000,0x0000000100000000)
 ParOldGen       total 183808K, used 46835K [0x00000000e0000000, 0x00000000eb380000, 0x00000000f5580000)
  object space 183808K, 25% used [0x00000000e0000000,0x00000000e2dbcfc8,0x00000000eb380000)
 Metaspace       used 67284K, capacity 69450K, committed 69760K, reserved 1110016K
  class space    used 8964K, capacity 9475K, committed 9600K, reserved 1048576K
Event: 4935.408 GC heap after
Heap after GC invocations=23 (full 3):
 PSYoungGen      total 140288K, used 16986K [0x00000000f5580000, 0x0000000100000000, 0x0000000100000000)
  eden space 104448K, 0% used [0x00000000f5580000,0x00000000f5580000,0x00000000fbb80000)
  from space 35840K, 47% used [0x00000000fdd00000,0x00000000fed96910,0x0000000100000000)
  to   space 34304K, 0% used [0x00000000fbb80000,0x00000000fbb80000,0x00000000fdd00000)
 ParOldGen       total 183808K, used 59265K [0x00000000e0000000, 0x00000000eb380000, 0x00000000f5580000)
  object space 183808K, 32% used [0x00000000e0000000,0x00000000e39e0778,0x00000000eb380000)
 Metaspace       used 67284K, capacity 69450K, committed 69760K, reserved 1110016K
  class space    used 8964K, capacity 9475K, committed 9600K, reserved 1048576K
}
Event: 4937.596 GC heap before
{Heap before GC invocations=24 (full 3):
 PSYoungGen      total 140288K, used 121434K [0x00000000f5580000, 0x0000000100000000, 0x0000000100000000)
  eden space 104448K, 100% used [0x00000000f5580000,0x00000000fbb80000,0x00000000fbb80000)
  from space 35840K, 47% used [0x00000000fdd00000,0x00000000fed96910,0x0000000100000000)
  to   space 34304K, 0% used [0x00000000fbb80000,0x00000000fbb80000,0x00000000fdd00000)
 ParOldGen       total 183808K, used 59265K [0x00000000e0000000, 0x00000000eb380000, 0x00000000f5580000)
  object space 183808K, 32% used [0x00000000e0000000,0x00000000e39e0778,0x00000000eb380000)
 Metaspace       used 68600K, capacity 70842K, committed 71168K, reserved 1110016K
  class space    used 9101K, capacity 9618K, committed 9728K, reserved 1048576K
Event: 4937.625 GC heap after
Heap after GC invocations=24 (full 3):
 PSYoungGen      total 123392K, used 18637K [0x00000000f5580000, 0x00000000ffc80000, 0x0000000100000000)
  eden space 104448K, 0% used [0x00000000f5580000,0x00000000f5580000,0x00000000fbb80000)
  from space 18944K, 98% used [0x00000000fbb80000,0x00000000fcdb3730,0x00000000fce00000)
  to   space 33280K, 0% used [0x00000000fdc00000,0x00000000fdc00000,0x00000000ffc80000)
 ParOldGen       total 183808K, used 71346K [0x00000000e0000000, 0x00000000eb380000, 0x00000000f5580000)
  object space 183808K, 38% used [0x00000000e0000000,0x00000000e45acbc8,0x00000000eb380000)
 Metaspace       used 68600K, capacity 70842K, committed 71168K, reserved 1110016K
  class space    used 9101K, capacity 9618K, committed 9728K, reserved 1048576K
}
Event: 5935.919 GC heap before
{Heap before GC invocations=25 (full 3):
 PSYoungGen      total 123392K, used 123085K [0x00000000f5580000, 0x00000000ffc80000, 0x0000000100000000)
  eden space 104448K, 100% used [0x00000000f5580000,0x00000000fbb80000,0x00000000fbb80000)
  from space 18944K, 98% used [0x00000000fbb80000,0x00000000fcdb3730,0x00000000fce00000)
  to   space 33280K, 0% used [0x00000000fdc00000,0x00000000fdc00000,0x00000000ffc80000)
 ParOldGen       total 183808K, used 71346K [0x00000000e0000000, 0x00000000eb380000, 0x00000000f5580000)
  object space 183808K, 38% used [0x00000000e0000000,0x00000000e45acbc8,0x00000000eb380000)
 Metaspace       used 69303K, capacity 71708K, committed 71936K, reserved 1112064K
  class space    used 9141K, capacity 9709K, committed 9728K, reserved 1048576K
Event: 5935.931 GC heap after
Heap after GC invocations=25 (full 3):
 PSYoungGen      total 137216K, used 3888K [0x00000000f5580000, 0x0000000100000000, 0x0000000100000000)
  eden space 103936K, 0% used [0x00000000f5580000,0x00000000f5580000,0x00000000fbb00000)
  from space 33280K, 11% used [0x00000000fdc00000,0x00000000fdfcc010,0x00000000ffc80000)
  to   space 33792K, 0% used [0x00000000fbb00000,0x00000000fbb00000,0x00000000fdc00000)
 ParOldGen       total 183808K, used 84572K [0x00000000e0000000, 0x00000000eb380000, 0x00000000f5580000)
  object space 183808K, 46% used [0x00000000e0000000,0x00000000e5297368,0x00000000eb380000)
 Metaspace       used 69303K, capacity 71708K, committed 71936K, reserved 1112064K
  class space    used 9141K, capacity 9709K, committed 9728K, reserved 1048576K
}
Event: 5936.385 GC heap before
{Heap before GC invocations=26 (full 3):
 PSYoungGen      total 137216K, used 107824K [0x00000000f5580000, 0x0000000100000000, 0x0000000100000000)
  eden space 103936K, 100% used [0x00000000f5580000,0x00000000fbb00000,0x00000000fbb00000)
  from space 33280K, 11% used [0x00000000fdc00000,0x00000000fdfcc010,0x00000000ffc80000)
  to   space 33792K, 0% used [0x00000000fbb00000,0x00000000fbb00000,0x00000000fdc00000)
 ParOldGen       total 183808K, used 84572K [0x00000000e0000000, 0x00000000eb380000, 0x00000000f5580000)
  object space 183808K, 46% used [0x00000000e0000000,0x00000000e5297368,0x00000000eb380000)
 Metaspace       used 69348K, capacity 71772K, committed 71936K, reserved 1112064K
  class space    used 9141K, capacity 9709K, committed 9728K, reserved 1048576K
Event: 5936.401 GC heap after
Heap after GC invocations=26 (full 3):
 PSYoungGen      total 137728K, used 6432K [0x00000000f5580000, 0x0000000100000000, 0x0000000100000000)
  eden space 103936K, 0% used [0x00000000f5580000,0x00000000f5580000,0x00000000fbb00000)
  from space 33792K, 19% used [0x00000000fbb00000,0x00000000fc148000,0x00000000fdc00000)
  to   space 33792K, 0% used [0x00000000fdf00000,0x00000000fdf00000,0x0000000100000000)
 ParOldGen       total 183808K, used 87816K [0x00000000e0000000, 0x00000000eb380000, 0x00000000f5580000)
  object space 183808K, 47% used [0x00000000e0000000,0x00000000e55c20d8,0x00000000eb380000)
 Metaspace       used 69348K, capacity 71772K, committed 71936K, reserved 1112064K
  class space    used 9141K, capacity 9709K, committed 9728K, reserved 1048576K
}

